2022-03_14 15:57:28,567 -mount- user:superdoctor@example.com page:'Dashboard'
2022-03_14 15:57:28,578 -mount- user:superdoctor@example.com page:'Layout'
2022-03_14 16:05:03,857 -mount- user:superdoctor@example.com page:'Dashboard'
2022-03_14 16:05:03,874 -mount- user:superdoctor@example.com page:'Layout'
2022-03_14 16:05:21,466 -mount- user:superdoctor@example.com page:'Dashboard'
2022-03_14 16:05:21,483 -mount- user:superdoctor@example.com page:'Layout'
2022-03_14 16:05:24,827 -mount- user:superdoctor@example.com page:'Dashboard'
2022-03_14 16:05:24,837 -mount- user:superdoctor@example.com page:'Layout'
2022-03_14 16:09:33,591 -mount- user:superdoctor@example.com page:'Dashboard'
2022-03_14 16:09:33,628 -mount- user:superdoctor@example.com page:'Layout'
2022-03_14 16:11:59,345 -unmount- user:superdoctor@example.com page:'Dashboard'
2022-03_14 16:11:59,373 -mount- user:superdoctor@example.com page:'Resident'
2022-03_14 16:20:24,106 -unmount- user:superdoctor@example.com page:'Resident'
2022-03_14 16:20:24,109 -mount- user:superdoctor@example.com page:'Dashboard'
2022-03_14 16:24:56,305 -unmount- user:superdoctor@example.com page:'Dashboard'
2022-03_14 16:24:56,326 -mount- user:superdoctor@example.com page:'Resident'
2022-03_14 16:28:59,541 -unmount- user:superdoctor@example.com page:'Resident'
2022-03_14 16:29:01,974 -unmount- user:null page:'Layout'
2022-03_14 16:29:01,978 -mount- user:null page:'Login'
2022-03_14 16:29:06,863 -unmount- user:admin@example.com page:'Login'
2022-03_23 08:35:39,922 -mount- user:superdoctor@example.com page:'Layout'
